<?xml version="1.0" encoding="UTF-8" ?>
<testsuite errors="0" failures="0" hostname="Harshads-iMac.local" name="com.mkyong.test.TestMessage2" skipped="0" tests="1" time="0.051" timestamp="2025-08-04T12:42:21">
  <properties>
    <property name="sun.boot.library.path.ivy.instance" value="/opt/homebrew/Cellar/openjdk@21/21.0.8/libexec/openjdk.jdk/Contents/Home/lib" />
    <property name="java.specification.version" value="21" />
    <property name="java.specification.version.ivy.instance" value="21" />
    <property name="sun.cpu.endian.ivy.instance" value="little" />
    <property name="sun.arch.data.model" value="64" />
    <property name="ivy.home" value="/Users/harshadshah/.ivy2" />
    <property name="java.vendor.url" value="https://github.com/Homebrew/homebrew-core/issues" />
    <property name="java.version.ivy.instance" value="21.0.8" />
    <property name="resources.dir" value="/private/tmp/ant-project/AntSpringMVC/resources" />
    <property name="ivy.default.conf.dir.ivy.instance" value="jar:file:/opt/homebrew/Cellar/ant/1.10.15_1/libexec/lib/ivy-2.5.3.jar!/org/apache/ivy/core/settings" />
    <property name="ivy.conf.dir" value="jar:file:/opt/homebrew/Cellar/ant/1.10.15_1/libexec/lib/ivy-2.5.3.jar!/org/apache/ivy/core/settings" />
    <property name="sun.boot.library.path" value="/opt/homebrew/Cellar/openjdk@21/21.0.8/libexec/openjdk.jdk/Contents/Home/lib" />
    <property name="sun.java.command" value="org.apache.tools.ant.taskdefs.optional.junit.JUnitTestRunner com.mkyong.test.TestMessage2 skipNonTests=false filtertrace=true haltOnError=false haltOnFailure=false showoutput=false outputtoformatters=true logfailedtests=true threadid=0 logtestlistenerevents=false formatter=org.apache.tools.ant.taskdefs.optional.junit.XMLJUnitResultFormatter,/private/tmp/ant-project/AntSpringMVC/report/TEST-com.mkyong.test.TestMessage2.xml crashfile=/private/tmp/ant-project/AntSpringMVC/junitvmwatcher5835308046330714978.properties propsfile=/private/tmp/ant-project/AntSpringMVC/junit4525894896625487411.properties" />
    <property name="os.version.ivy.instance" value="15.6" />
    <property name="ivy.retrieve.pattern.ivy.instance" value="/private/tmp/ant-project/AntSpringMVC/lib/[artifact]-[revision](-[classifier]).[ext]" />
    <property name="sun.jnu.encoding.ivy.instance" value="UTF-8" />
    <property name="user.dir.ivy.instance" value="/private/tmp/ant-project/AntSpringMVC" />
    <property name="jdk.debug" value="release" />
    <property name="ivy.revision" value="working@Harshads-iMac.local" />
    <property name="java.vendor.version.ivy.instance" value="Homebrew" />
    <property name="java.specification.vendor" value="Oracle Corporation" />
    <property name="web.dir" value="war" />
    <property name="file.separator.ivy.instance" value="/" />
    <property name="java.vm.version.ivy.instance" value="21.0.8" />
    <property name="java.version.date" value="2025-07-15" />
    <property name="java.home" value="/opt/homebrew/Cellar/openjdk@21/21.0.8/libexec/openjdk.jdk/Contents/Home" />
    <property name="basedir" value="/private/tmp/ant-project/AntSpringMVC" />
    <property name="java.specification.name" value="Java Platform API Specification" />
    <property name="java.vm.specification.vendor" value="Oracle Corporation" />
    <property name="user.timezone.ivy.instance" value="Asia/Kolkata" />
    <property name="ivy.basedir.ivy.instance" value="/private/tmp/ant-project/AntSpringMVC" />
    <property name="ivy.resolve.default.type.filter.ivy.instance" value="*" />
    <property name="ivy.default.ivy.user.dir" value="/Users/harshadshah/.ivy2" />
    <property name="ivy.lib.dir.ivy.instance" value="/private/tmp/ant-project/AntSpringMVC/lib" />
    <property name="ivy.cache.dir" value="/Users/harshadshah/.ivy2/cache" />
    <property name="sun.management.compiler" value="HotSpot 64-Bit Tiered Compilers" />
    <property name="java.runtime.version" value="21.0.8" />
    <property name="java.runtime.name.ivy.instance" value="OpenJDK Runtime Environment" />
    <property name="socksNonProxyHosts.ivy.instance" value="local|*.local|169.254/16|*.169.254/16" />
    <property name="sun.io.unicode.encoding.ivy.instance" value="UnicodeBig" />
    <property name="basedir.ivy.instance" value="/private/tmp/ant-project/AntSpringMVC" />
    <property name="file.encoding" value="UTF-8" />
    <property name="ivy.dep.file" value="ivy.xml" />
    <property name="os.name.ivy.instance" value="Mac OS X" />
    <property name="user.language.ivy.instance" value="en" />
    <property name="ivy.settings.file" value="ivysettings.xml" />
    <property name="java.vendor.version" value="Homebrew" />
    <property name="java.vm.specification.version.ivy.instance" value="21" />
    <property name="ivy.local.default.ivy.pattern" value="[organisation]/[module]/[revision]/[type]s/[artifact].[ext]" />
    <property name="java.vendor.url.ivy.instance" value="https://github.com/Homebrew/homebrew-core/issues" />
    <property name="line.separator.ivy.instance" value="&#xa;" />
    <property name="target.dir" value="/private/tmp/ant-project/AntSpringMVC/target" />
    <property name="java.io.tmpdir" value="/var/folders/bg/ngj8b1993knfm5kr2f7p24kc0000gn/T/" />
    <property name="java.version" value="21.0.8" />
    <property name="ivy.resolved.file" value="/private/tmp/ant-project/AntSpringMVC/ivy.xml" />
    <property name="ivy.settings.dir.ivy.instance" value="jar:file:/opt/homebrew/Cellar/ant/1.10.15_1/libexec/lib/ivy-2.5.3.jar!/org/apache/ivy/core/settings" />
    <property name="java.vm.specification.name.ivy.instance" value="Java Virtual Machine Specification" />
    <property name="java.vm.specification.name" value="Java Virtual Machine Specification" />
    <property name="lib.dir" value="lib" />
    <property name="web.classes.dir" value="/private/tmp/ant-project/AntSpringMVC/war/WEB-INF/classes" />
    <property name="file.encoding.ivy.instance" value="UTF-8" />
    <property name="ivy.deliver.ivy.pattern" value="/private/tmp/ant-project/AntSpringMVC/distrib/[type]s/[artifact]-[revision](-[classifier]).[ext]" />
    <property name="ivy.status" value="integration" />
    <property name="native.encoding" value="UTF-8" />
    <property name="java.library.path" value="/Users/harshadshah/Library/Java/Extensions:/Library/Java/Extensions:/Network/Library/Java/Extensions:/System/Library/Java/Extensions:/usr/lib/java:." />
    <property name="java.vendor" value="Homebrew" />
    <property name="stderr.encoding" value="UTF-8" />
    <property name="sun.arch.data.model.ivy.instance" value="64" />
    <property name="sun.io.unicode.encoding" value="UnicodeBig" />
    <property name="ivy.default.ivy.user.dir.ivy.instance" value="/Users/harshadshah/.ivy2" />
    <property name="ant.file.type" value="file" />
    <property name="ivy.parents.count" value="0" />
    <property name="ivy.configurations.ivy.instance" value="*" />
    <property name="java.io.tmpdir.ivy.instance" value="/var/folders/bg/ngj8b1993knfm5kr2f7p24kc0000gn/T/" />
    <property name="java.version.date.ivy.instance" value="2025-07-15" />
    <property name="ivy.default.settings.dir.ivy.instance" value="jar:file:/opt/homebrew/Cellar/ant/1.10.15_1/libexec/lib/ivy-2.5.3.jar!/org/apache/ivy/core/settings" />
    <property name="ivy.shared.default.ivy.pattern" value="[organisation]/[module]/[revision]/[type]s/[artifact].[ext]" />
    <property name="ivy.shared.default.root" value="/Users/harshadshah/.ivy2/shared" />
    <property name="ivy.shared.default.ivy.pattern.ivy.instance" value="[organisation]/[module]/[revision]/[type]s/[artifact].[ext]" />
    <property name="user.timezone" value="Asia/Kolkata" />
    <property name="java.vm.specification.version" value="21" />
    <property name="os.name" value="Mac OS X" />
    <property name="ivy.deps.changed" value="false" />
    <property name="ivy.lib.dir" value="/private/tmp/ant-project/AntSpringMVC/lib" />
    <property name="http.nonProxyHosts" value="local|*.local|169.254/16|*.169.254/16" />
    <property name="apple.awt.application.name.ivy.instance" value="Launcher" />
    <property name="test.dir" value="/private/tmp/ant-project/AntSpringMVC/src" />
    <property name="user.home" value="/Users/harshadshah" />
    <property name="sun.java.command.ivy.instance" value="org.apache.tools.ant.launch.Launcher -cp  -lib /opt/homebrew/share/ant jacoco" />
    <property name="java.class.path.ivy.instance" value="/opt/homebrew/Cellar/ant/1.10.15_1/libexec/lib/ant-launcher.jar:/opt/homebrew/share/ant:/opt/homebrew/Cellar/ant/1.10.15_1/libexec/lib/ant-commons-net.jar:/opt/homebrew/Cellar/ant/1.10.15_1/libexec/lib/ant-xz.jar:/opt/homebrew/Cellar/ant/1.10.15_1/libexec/lib/ant-junit4.jar:/opt/homebrew/Cellar/ant/1.10.15_1/libexec/lib/ant-jai.jar:/opt/homebrew/Cellar/ant/1.10.15_1/libexec/lib/ant-apache-resolver.jar:/opt/homebrew/Cellar/ant/1.10.15_1/libexec/lib/ant-jdepend.jar:/opt/homebrew/Cellar/ant/1.10.15_1/libexec/lib/ant-apache-regexp.jar:/opt/homebrew/Cellar/ant/1.10.15_1/libexec/lib/ant-apache-log4j.jar:/opt/homebrew/Cellar/ant/1.10.15_1/libexec/lib/ant-javamail.jar:/opt/homebrew/Cellar/ant/1.10.15_1/libexec/lib/ant-apache-bcel.jar:/opt/homebrew/Cellar/ant/1.10.15_1/libexec/lib/ant.jar:/opt/homebrew/Cellar/ant/1.10.15_1/libexec/lib/ant-netrexx.jar:/opt/homebrew/Cellar/ant/1.10.15_1/libexec/lib/ant-swing.jar:/opt/homebrew/Cellar/ant/1.10.15_1/libexec/lib/ant-jsch.jar:/opt/homebrew/Cellar/ant/1.10.15_1/libexec/lib/ant-junitlauncher.jar:/opt/homebrew/Cellar/ant/1.10.15_1/libexec/lib/ant-jakartamail.jar:/opt/homebrew/Cellar/ant/1.10.15_1/libexec/lib/ivy-2.5.3.jar:/opt/homebrew/Cellar/ant/1.10.15_1/libexec/lib/ant-junit.jar:/opt/homebrew/Cellar/ant/1.10.15_1/libexec/lib/ant-imageio.jar:/opt/homebrew/Cellar/ant/1.10.15_1/libexec/lib/ant-launcher.jar:/opt/homebrew/Cellar/ant/1.10.15_1/libexec/lib/ant-antlr.jar:/opt/homebrew/Cellar/ant/1.10.15_1/libexec/lib/ant-testutil.jar:/opt/homebrew/Cellar/ant/1.10.15_1/libexec/lib/ant-apache-oro.jar:/opt/homebrew/Cellar/ant/1.10.15_1/libexec/lib/bcel-6.10.0.jar:/opt/homebrew/Cellar/ant/1.10.15_1/libexec/lib/ant-jmf.jar:/opt/homebrew/Cellar/ant/1.10.15_1/libexec/lib/ant-apache-xalan2.jar:/opt/homebrew/Cellar/ant/1.10.15_1/libexec/lib/ant-apache-bsf.jar:/opt/homebrew/Cellar/ant/1.10.15_1/libexec/lib/ant-commons-logging.jar" />
    <property name="ivy.publish.src.artifacts.pattern.ivy.instance" value="/private/tmp/ant-project/AntSpringMVC/distrib/[type]s/[artifact]-[revision](-[classifier]).[ext]" />
    <property name="ivy.checksums" value="sha1,md5" />
    <property name="ivy.default.settings.dir" value="jar:file:/opt/homebrew/Cellar/ant/1.10.15_1/libexec/lib/ivy-2.5.3.jar!/org/apache/ivy/core/settings" />
    <property name="projectName" value="WebProject" />
    <property name="ivy.version" value="2.5.3" />
    <property name="java.vm.info.ivy.instance" value="mixed mode, sharing" />
    <property name="ivy.distrib.dir" value="/private/tmp/ant-project/AntSpringMVC/distrib" />
    <property name="ant.library.dir.ivy.instance" value="/opt/homebrew/Cellar/ant/1.10.15_1/libexec/lib" />
    <property name="ivy.settings.url.ivy.instance" value="jar:file:/opt/homebrew/Cellar/ant/1.10.15_1/libexec/lib/ivy-2.5.3.jar!/org/apache/ivy/core/settings/ivysettings.xml" />
    <property name="ant.file" value="/private/tmp/ant-project/AntSpringMVC/build.xml" />
    <property name="ivy.project.dir" value="/private/tmp/ant-project/AntSpringMVC" />
    <property name="stdout.encoding" value="UTF-8" />
    <property name="path.separator" value=":" />
    <property name="os.version" value="15.6" />
    <property name="ftp.nonProxyHosts.ivy.instance" value="local|*.local|169.254/16|*.169.254/16" />
    <property name="ivy.default.always.check.exact.revision.ivy.instance" value="false" />
    <property name="java.vm.name" value="OpenJDK 64-Bit Server VM" />
    <property name="ivy.buildlist.ivyfilepath" value="ivy.xml" />
    <property name="os.arch" value="aarch64" />
    <property name="ivy.settings.dir.url.ivy.instance" value="jar:file:/opt/homebrew/Cellar/ant/1.10.15_1/libexec/lib/ivy-2.5.3.jar!/org/apache/ivy/core/settings" />
    <property name="ant.file.type.HelloProject" value="file" />
    <property name="ivy.shared.default.root.ivy.instance" value="/Users/harshadshah/.ivy2/shared" />
    <property name="ivy.deliver.ivy.pattern.ivy.instance" value="/private/tmp/ant-project/AntSpringMVC/distrib/[type]s/[artifact]-[revision](-[classifier]).[ext]" />
    <property name="java.vm.info" value="mixed mode, sharing" />
    <property name="ivy.conf.dir.ivy.instance" value="jar:file:/opt/homebrew/Cellar/ant/1.10.15_1/libexec/lib/ivy-2.5.3.jar!/org/apache/ivy/core/settings" />
    <property name="stdout.encoding.ivy.instance" value="UTF-8" />
    <property name="user.country.ivy.instance" value="IN" />
    <property name="java.class.version" value="65.0" />
    <property name="src.dir" value="/private/tmp/ant-project/AntSpringMVC/src" />
    <property name="ant.project.default-target" value="main" />
    <property name="ant.library.dir" value="/opt/homebrew/Cellar/ant/1.10.15_1/libexec/lib" />
    <property name="ivy.cache.dir.ivy.instance" value="/Users/harshadshah/.ivy2/cache" />
    <property name="target.temp.dir" value="/private/tmp/ant-project/AntSpringMVC/target/temp" />
    <property name="ant.project.name" value="HelloProject" />
    <property name="jdk.debug.ivy.instance" value="release" />
    <property name="sun.jnu.encoding" value="UTF-8" />
    <property name="java.specification.name.ivy.instance" value="Java Platform API Specification" />
    <property name="ivy.settings.file.ivy.instance" value="ivysettings.xml" />
    <property name="ivy.default.conf.dir" value="jar:file:/opt/homebrew/Cellar/ant/1.10.15_1/libexec/lib/ivy-2.5.3.jar!/org/apache/ivy/core/settings" />
    <property name="java.runtime.version.ivy.instance" value="21.0.8" />
    <property name="java.vm.specification.vendor.ivy.instance" value="Oracle Corporation" />
    <property name="ivy.local.default.artifact.pattern.ivy.instance" value="[organisation]/[module]/[revision]/[type]s/[artifact].[ext]" />
    <property name="ivy.build.artifacts.dir.ivy.instance" value="/private/tmp/ant-project/AntSpringMVC/build/artifacts" />
    <property name="ivy.settings.dir" value="jar:file:/opt/homebrew/Cellar/ant/1.10.15_1/libexec/lib/ivy-2.5.3.jar!/org/apache/ivy/core/settings" />
    <property name="sun.java.launcher.ivy.instance" value="SUN_STANDARD" />
    <property name="ivy.local.default.root.ivy.instance" value="/Users/harshadshah/.ivy2/local" />
    <property name="ivy.local.default.artifact.pattern" value="[organisation]/[module]/[revision]/[type]s/[artifact].[ext]" />
    <property name="java.class.version.ivy.instance" value="65.0" />
    <property name="_jacoco.agentFile" value="/var/folders/bg/ngj8b1993knfm5kr2f7p24kc0000gn/T/jacocoagent10469333186076477209.jar" />
    <property name="ivy.resolve.default.type.filter" value="*" />
    <property name="sun.management.compiler.ivy.instance" value="HotSpot 64-Bit Tiered Compilers" />
    <property name="ivy.cache.ttl.default.ivy.instance" value="10s" />
    <property name="file.separator" value="/" />
    <property name="java.vm.compressedOopsMode" value="Zero based" />
    <property name="ivy.settings.dir.url" value="jar:file:/opt/homebrew/Cellar/ant/1.10.15_1/libexec/lib/ivy-2.5.3.jar!/org/apache/ivy/core/settings" />
    <property name="ivy.dep.file.ivy.instance" value="ivy.xml" />
    <property name="line.separator" value="&#xa;" />
    <property name="ivy.organisation" value="org.apache" />
    <property name="ivy.buildlist.ivyfilepath.ivy.instance" value="ivy.xml" />
    <property name="jdk.version" value="1.8" />
    <property name="java.vm.compressedOopsMode.ivy.instance" value="Zero based" />
    <property name="user.name" value="harshadshah" />
    <property name="ivy.publish.src.artifacts.pattern" value="/private/tmp/ant-project/AntSpringMVC/distrib/[type]s/[artifact]-[revision](-[classifier]).[ext]" />
    <property name="ant.home" value="/opt/homebrew/Cellar/ant/1.10.15_1/libexec" />
    <property name="ivy.module" value="WebProject" />
    <property name="ant.version" value="Apache Ant(TM) version 1.10.15 compiled on August 25 2024" />
    <property name="ivy.report.output.pattern" value="[organisation]-[module]-[conf].[ext]" />
    <property name="ivy.log.modules.in.use" value="false" />
    <property name="ivy.nb.targets.copied" value="0" />
    <property name="ivy.conf.url.ivy.instance" value="jar:file:/opt/homebrew/Cellar/ant/1.10.15_1/libexec/lib/ivy-2.5.3.jar!/org/apache/ivy/core/settings/ivysettings.xml" />
    <property name="os.arch.ivy.instance" value="aarch64" />
    <property name="socksNonProxyHosts" value="local|*.local|169.254/16|*.169.254/16" />
    <property name="java.library.path.ivy.instance" value="/Users/harshadshah/Library/Java/Extensions:/Library/Java/Extensions:/Network/Library/Java/Extensions:/System/Library/Java/Extensions:/usr/lib/java:." />
    <property name="ivy.shared.default.artifact.pattern.ivy.instance" value="[organisation]/[module]/[revision]/[type]s/[artifact].[ext]" />
    <property name="user.home.ivy.instance" value="/Users/harshadshah" />
    <property name="java.vendor.url.bug.ivy.instance" value="https://github.com/Homebrew/homebrew-core/issues" />
    <property name="ivy.local.default.root" value="/Users/harshadshah/.ivy2/local" />
    <property name="java.class.path" value="/private/tmp/ant-project/AntSpringMVC/war/WEB-INF/classes:/Users/harshadshah/.ivy2/cache/org.slf4j/slf4j-api/jars/slf4j-api-1.7.6.jar:/Users/harshadshah/.ivy2/cache/jstl/jstl/jars/jstl-1.2.jar:/Users/harshadshah/.ivy2/cache/ch.qos.logback/logback-classic/jars/logback-classic-1.1.2.jar:/Users/harshadshah/.ivy2/cache/ch.qos.logback/logback-core/jars/logback-core-1.1.2.jar:/Users/harshadshah/.ivy2/cache/org.springframework/spring-core/jars/spring-core-4.1.3.RELEASE.jar:/Users/harshadshah/.ivy2/cache/commons-logging/commons-logging/jars/commons-logging-1.2.jar:/Users/harshadshah/.ivy2/cache/org.springframework/spring-beans/jars/spring-beans-4.1.3.RELEASE.jar:/Users/harshadshah/.ivy2/cache/org.springframework/spring-context/jars/spring-context-4.1.3.RELEASE.jar:/Users/harshadshah/.ivy2/cache/org.springframework/spring-aop/jars/spring-aop-4.1.3.RELEASE.jar:/Users/harshadshah/.ivy2/cache/aopalliance/aopalliance/jars/aopalliance-1.0.jar:/Users/harshadshah/.ivy2/cache/org.springframework/spring-expression/jars/spring-expression-4.1.3.RELEASE.jar:/Users/harshadshah/.ivy2/cache/org.springframework/spring-web/jars/spring-web-4.1.3.RELEASE.jar:/Users/harshadshah/.ivy2/cache/org.springframework/spring-webmvc/jars/spring-webmvc-4.1.3.RELEASE.jar:/Users/harshadshah/.ivy2/cache/junit/junit/jars/junit-4.11.jar:/Users/harshadshah/.ivy2/cache/org.hamcrest/hamcrest-core/jars/hamcrest-core-1.3.jar:/opt/homebrew/Cellar/ant/1.10.15_1/libexec/lib/ant-launcher.jar:/opt/homebrew/Cellar/ant/1.10.15_1/libexec/lib/ant.jar:/opt/homebrew/Cellar/ant/1.10.15_1/libexec/lib/ant-junit.jar:/opt/homebrew/Cellar/ant/1.10.15_1/libexec/lib/ant-junit4.jar" />
    <property name="java.vm.vendor" value="Homebrew" />
    <property name="ant.file.HelloProject" value="/private/tmp/ant-project/AntSpringMVC/build.xml" />
    <property name="java.vendor.ivy.instance" value="Homebrew" />
    <property name="stderr.encoding.ivy.instance" value="UTF-8" />
    <property name="ivy.project.dir.ivy.instance" value="/private/tmp/ant-project/AntSpringMVC" />
    <property name="ivy.status.ivy.instance" value="integration" />
    <property name="sun.java.launcher" value="SUN_STANDARD" />
    <property name="user.country" value="IN" />
    <property name="ivy.retrieve.pattern" value="/private/tmp/ant-project/AntSpringMVC/lib/[artifact]-[revision](-[classifier]).[ext]" />
    <property name="sun.cpu.endian" value="little" />
    <property name="ivy.checksums.ivy.instance" value="sha1,md5" />
    <property name="user.language" value="en" />
    <property name="ivy.home.ivy.instance" value="/Users/harshadshah/.ivy2" />
    <property name="user.name.ivy.instance" value="harshadshah" />
    <property name="ant.java.version" value="21" />
    <property name="native.encoding.ivy.instance" value="UTF-8" />
    <property name="ivy.basedir" value="/private/tmp/ant-project/AntSpringMVC" />
    <property name="http.nonProxyHosts.ivy.instance" value="local|*.local|169.254/16|*.169.254/16" />
    <property name="java.vm.vendor.ivy.instance" value="Homebrew" />
    <property name="ant.home.ivy.instance" value="/opt/homebrew/Cellar/ant/1.10.15_1/libexec" />
    <property name="ivy.cache.ttl.default" value="10s" />
    <property name="apple.awt.application.name" value="JUnitTestRunner" />
    <property name="java.vm.name.ivy.instance" value="OpenJDK 64-Bit Server VM" />
    <property name="ivy.resolver.default.check.modified.ivy.instance" value="false" />
    <property name="java.specification.vendor.ivy.instance" value="Oracle Corporation" />
    <property name="ivy.configurations" value="*" />
    <property name="ftp.nonProxyHosts" value="local|*.local|169.254/16|*.169.254/16" />
    <property name="ivy.default.always.check.exact.revision" value="false" />
    <property name="java.runtime.name" value="OpenJDK Runtime Environment" />
    <property name="ivy.distrib.dir.ivy.instance" value="/private/tmp/ant-project/AntSpringMVC/distrib" />
    <property name="ant.project.invoked-targets" value="jacoco" />
    <property name="report.dir" value="/private/tmp/ant-project/AntSpringMVC/report" />
    <property name="ant.core.lib" value="/opt/homebrew/Cellar/ant/1.10.15_1/libexec/lib/ant.jar" />
    <property name="java.vendor.url.bug" value="https://github.com/Homebrew/homebrew-core/issues" />
    <property name="user.dir" value="/private/tmp/ant-project/AntSpringMVC" />
    <property name="path.separator.ivy.instance" value=":" />
    <property name="ivy.local.default.ivy.pattern.ivy.instance" value="[organisation]/[module]/[revision]/[type]s/[artifact].[ext]" />
    <property name="ivy.report.output.pattern.ivy.instance" value="[organisation]-[module]-[conf].[ext]" />
    <property name="ivy.log.modules.in.use.ivy.instance" value="false" />
    <property name="ivy.resolver.default.check.modified" value="false" />
    <property name="ivy.targets.copied" value="false" />
    <property name="java.vm.version" value="21.0.8" />
    <property name="java.home.ivy.instance" value="/opt/homebrew/Cellar/openjdk@21/21.0.8/libexec/openjdk.jdk/Contents/Home" />
    <property name="ivy.shared.default.artifact.pattern" value="[organisation]/[module]/[revision]/[type]s/[artifact].[ext]" />
    <property name="ivy.settings.url" value="jar:file:/opt/homebrew/Cellar/ant/1.10.15_1/libexec/lib/ivy-2.5.3.jar!/org/apache/ivy/core/settings/ivysettings.xml" />
    <property name="ivy.build.artifacts.dir" value="/private/tmp/ant-project/AntSpringMVC/build/artifacts" />
    <property name="ivy.resolved.configurations" value="compile, runtime, test" />
    <property name="ivy.conf.url" value="jar:file:/opt/homebrew/Cellar/ant/1.10.15_1/libexec/lib/ivy-2.5.3.jar!/org/apache/ivy/core/settings/ivysettings.xml" />
  </properties>
  <testcase classname="com.mkyong.test.TestMessage2" name="test_welcome_message_2" time="0.002" />
  <system-out><![CDATA[]]></system-out>
  <system-err><![CDATA[java.lang.instrument.IllegalClassFormatException: Error while instrumenting sun/util/resources/cldr/provider/CLDRLocaleDataMetaInfo.
	at org.jacoco.agent.rt.internal_43f5073.CoverageTransformer.transform(CoverageTransformer.java:94)
	at java.instrument/java.lang.instrument.ClassFileTransformer.transform(ClassFileTransformer.java:244)
	at java.instrument/sun.instrument.TransformerManager.transform(TransformerManager.java:188)
	at java.instrument/sun.instrument.InstrumentationImpl.transform(InstrumentationImpl.java:610)
	at java.base/java.lang.ClassLoader.defineClass2(Native Method)
	at java.base/java.lang.ClassLoader.defineClass(ClassLoader.java:1118)
	at java.base/java.security.SecureClassLoader.defineClass(SecureClassLoader.java:182)
	at java.base/jdk.internal.loader.BuiltinClassLoader.defineClass(BuiltinClassLoader.java:821)
	at java.base/jdk.internal.loader.BuiltinClassLoader.findClassInModuleOrNull(BuiltinClassLoader.java:741)
	at java.base/jdk.internal.loader.BuiltinClassLoader.findClass(BuiltinClassLoader.java:621)
	at java.base/java.lang.ClassLoader.loadClass(ClassLoader.java:638)
	at java.base/java.lang.Class.forName(Class.java:625)
	at java.base/java.lang.Class.forName(Class.java:600)
	at java.base/java.util.ServiceLoader.loadProvider(ServiceLoader.java:859)
	at java.base/java.util.ServiceLoader$ModuleServicesLookupIterator.hasNext(ServiceLoader.java:1084)
	at java.base/java.util.ServiceLoader$2.hasNext(ServiceLoader.java:1309)
	at java.base/java.util.ServiceLoader$3.hasNext(ServiceLoader.java:1393)
	at java.base/sun.util.cldr.CLDRLocaleProviderAdapter.lambda$new$0(CLDRLocaleProviderAdapter.java:84)
	at java.base/java.security.AccessController.doPrivileged(AccessController.java:571)
	at java.base/sun.util.cldr.CLDRLocaleProviderAdapter.<init>(CLDRLocaleProviderAdapter.java:83)
	at java.base/jdk.internal.reflect.DirectConstructorHandleAccessor.newInstance(DirectConstructorHandleAccessor.java:62)
	at java.base/java.lang.reflect.Constructor.newInstanceWithCaller(Constructor.java:502)
	at java.base/java.lang.reflect.Constructor.newInstance(Constructor.java:486)
	at java.base/sun.util.locale.provider.LocaleProviderAdapter.forType(LocaleProviderAdapter.java:194)
	at java.base/sun.util.locale.provider.LocaleProviderAdapter.findAdapter(LocaleProviderAdapter.java:293)
	at java.base/sun.util.locale.provider.LocaleProviderAdapter.getAdapter(LocaleProviderAdapter.java:264)
	at java.base/java.util.Calendar.createCalendar(Calendar.java:1696)
	at java.base/java.util.Calendar.getInstance(Calendar.java:1663)
	at java.base/java.text.SimpleDateFormat.initializeCalendar(SimpleDateFormat.java:680)
	at java.base/java.text.SimpleDateFormat.<init>(SimpleDateFormat.java:624)
	at org.apache.tools.ant.util.DateUtils.<clinit>(DateUtils.java:72)
	at org.apache.tools.ant.taskdefs.optional.junit.XMLJUnitResultFormatter.startTestSuite(XMLJUnitResultFormatter.java:141)
	at org.apache.tools.ant.taskdefs.optional.junit.JUnitTestRunner.fireStartTestSuite(JUnitTestRunner.java:848)
	at org.apache.tools.ant.taskdefs.optional.junit.JUnitTestRunner.run(JUnitTestRunner.java:524)
	at org.apache.tools.ant.taskdefs.optional.junit.JUnitTestRunner.launch(JUnitTestRunner.java:1197)
	at org.apache.tools.ant.taskdefs.optional.junit.JUnitTestRunner.main(JUnitTestRunner.java:1042)
Caused by: java.io.IOException: Error while instrumenting sun/util/resources/cldr/provider/CLDRLocaleDataMetaInfo.
	at org.jacoco.agent.rt.internal_43f5073.core.instr.Instrumenter.instrumentError(Instrumenter.java:159)
	at org.jacoco.agent.rt.internal_43f5073.core.instr.Instrumenter.instrument(Instrumenter.java:109)
	at org.jacoco.agent.rt.internal_43f5073.CoverageTransformer.transform(CoverageTransformer.java:92)
	... 35 more
Caused by: java.lang.IllegalArgumentException: Unsupported class file major version 65
	at org.jacoco.agent.rt.internal_43f5073.asm.ClassReader.<init>(ClassReader.java:195)
	at org.jacoco.agent.rt.internal_43f5073.asm.ClassReader.<init>(ClassReader.java:176)
	at org.jacoco.agent.rt.internal_43f5073.asm.ClassReader.<init>(ClassReader.java:162)
	at org.jacoco.agent.rt.internal_43f5073.core.internal.instr.InstrSupport.classReaderFor(InstrSupport.java:280)
	at org.jacoco.agent.rt.internal_43f5073.core.instr.Instrumenter.instrument(Instrumenter.java:75)
	at org.jacoco.agent.rt.internal_43f5073.core.instr.Instrumenter.instrument(Instrumenter.java:107)
	... 36 more
java.lang.instrument.IllegalClassFormatException: Error while instrumenting sun/util/resources/provider/LocaleDataProvider.
	at org.jacoco.agent.rt.internal_43f5073.CoverageTransformer.transform(CoverageTransformer.java:94)
	at java.instrument/java.lang.instrument.ClassFileTransformer.transform(ClassFileTransformer.java:244)
	at java.instrument/sun.instrument.TransformerManager.transform(TransformerManager.java:188)
	at java.instrument/sun.instrument.InstrumentationImpl.transform(InstrumentationImpl.java:610)
	at java.base/java.lang.ClassLoader.defineClass2(Native Method)
	at java.base/java.lang.ClassLoader.defineClass(ClassLoader.java:1118)
	at java.base/java.security.SecureClassLoader.defineClass(SecureClassLoader.java:182)
	at java.base/jdk.internal.loader.BuiltinClassLoader.defineClass(BuiltinClassLoader.java:821)
	at java.base/jdk.internal.loader.BuiltinClassLoader.findClassInModuleOrNull(BuiltinClassLoader.java:741)
	at java.base/jdk.internal.loader.BuiltinClassLoader.findClass(BuiltinClassLoader.java:621)
	at java.base/java.lang.ClassLoader.loadClass(ClassLoader.java:638)
	at java.base/java.lang.Class.forName(Class.java:625)
	at java.base/java.lang.Class.forName(Class.java:600)
	at java.base/java.util.ServiceLoader.loadProvider(ServiceLoader.java:859)
	at java.base/java.util.ServiceLoader$ModuleServicesLookupIterator.hasNext(ServiceLoader.java:1084)
	at java.base/java.util.ServiceLoader$2.hasNext(ServiceLoader.java:1309)
	at java.base/java.util.ServiceLoader$3.hasNext(ServiceLoader.java:1393)
	at java.base/sun.util.resources.Bundles$2.run(Bundles.java:267)
	at java.base/sun.util.resources.Bundles$2.run(Bundles.java:265)
	at java.base/java.security.AccessController.doPrivileged(AccessController.java:319)
	at java.base/sun.util.resources.Bundles.loadBundleFromProviders(Bundles.java:264)
	at java.base/sun.util.resources.Bundles.findBundleOf(Bundles.java:201)
	at java.base/sun.util.resources.Bundles.findBundleOf(Bundles.java:160)
	at java.base/sun.util.resources.Bundles.loadBundleOf(Bundles.java:145)
	at java.base/sun.util.resources.Bundles.of(Bundles.java:106)
	at java.base/sun.util.resources.LocaleData$1.run(LocaleData.java:185)
	at java.base/sun.util.resources.LocaleData$1.run(LocaleData.java:182)
	at java.base/java.security.AccessController.doPrivileged(AccessController.java:319)
	at java.base/sun.util.resources.LocaleData.getBundle(LocaleData.java:182)
	at java.base/sun.util.resources.LocaleData.getDateFormatData(LocaleData.java:145)
	at java.base/java.text.DateFormatSymbols.initializeData(DateFormatSymbols.java:748)
	at java.base/java.text.DateFormatSymbols.<init>(DateFormatSymbols.java:151)
	at java.base/sun.util.locale.provider.DateFormatSymbolsProviderImpl.getInstance(DateFormatSymbolsProviderImpl.java:85)
	at java.base/java.text.DateFormatSymbols.getProviderInstance(DateFormatSymbols.java:371)
	at java.base/java.text.DateFormatSymbols.getInstanceRef(DateFormatSymbols.java:361)
	at java.base/java.text.SimpleDateFormat.<init>(SimpleDateFormat.java:626)
	at java.base/java.text.SimpleDateFormat.<init>(SimpleDateFormat.java:603)
	at org.apache.tools.ant.util.DateUtils.createDateFormat(DateUtils.java:169)
	at org.apache.tools.ant.util.DateUtils.format(DateUtils.java:140)
	at org.apache.tools.ant.taskdefs.optional.junit.XMLJUnitResultFormatter.startTestSuite(XMLJUnitResultFormatter.java:141)
	at org.apache.tools.ant.taskdefs.optional.junit.JUnitTestRunner.fireStartTestSuite(JUnitTestRunner.java:848)
	at org.apache.tools.ant.taskdefs.optional.junit.JUnitTestRunner.run(JUnitTestRunner.java:524)
	at org.apache.tools.ant.taskdefs.optional.junit.JUnitTestRunner.launch(JUnitTestRunner.java:1197)
	at org.apache.tools.ant.taskdefs.optional.junit.JUnitTestRunner.main(JUnitTestRunner.java:1042)
Caused by: java.io.IOException: Error while instrumenting sun/util/resources/provider/LocaleDataProvider.
	at org.jacoco.agent.rt.internal_43f5073.core.instr.Instrumenter.instrumentError(Instrumenter.java:159)
	at org.jacoco.agent.rt.internal_43f5073.core.instr.Instrumenter.instrument(Instrumenter.java:109)
	at org.jacoco.agent.rt.internal_43f5073.CoverageTransformer.transform(CoverageTransformer.java:92)
	... 43 more
Caused by: java.lang.IllegalArgumentException: Unsupported class file major version 65
	at org.jacoco.agent.rt.internal_43f5073.asm.ClassReader.<init>(ClassReader.java:195)
	at org.jacoco.agent.rt.internal_43f5073.asm.ClassReader.<init>(ClassReader.java:176)
	at org.jacoco.agent.rt.internal_43f5073.asm.ClassReader.<init>(ClassReader.java:162)
	at org.jacoco.agent.rt.internal_43f5073.core.internal.instr.InstrSupport.classReaderFor(InstrSupport.java:280)
	at org.jacoco.agent.rt.internal_43f5073.core.instr.Instrumenter.instrument(Instrumenter.java:75)
	at org.jacoco.agent.rt.internal_43f5073.core.instr.Instrumenter.instrument(Instrumenter.java:107)
	... 44 more
java.lang.instrument.IllegalClassFormatException: Error while instrumenting sun/text/resources/cldr/ext/FormatData_en_001.
	at org.jacoco.agent.rt.internal_43f5073.CoverageTransformer.transform(CoverageTransformer.java:94)
	at java.instrument/java.lang.instrument.ClassFileTransformer.transform(ClassFileTransformer.java:244)
	at java.instrument/sun.instrument.TransformerManager.transform(TransformerManager.java:188)
	at java.instrument/sun.instrument.InstrumentationImpl.transform(InstrumentationImpl.java:610)
	at java.base/java.lang.ClassLoader.defineClass2(Native Method)
	at java.base/java.lang.ClassLoader.defineClass(ClassLoader.java:1118)
	at java.base/java.security.SecureClassLoader.defineClass(SecureClassLoader.java:182)
	at java.base/jdk.internal.loader.BuiltinClassLoader.defineClass(BuiltinClassLoader.java:821)
	at java.base/jdk.internal.loader.BuiltinClassLoader.findClassInModuleOrNull(BuiltinClassLoader.java:741)
	at java.base/jdk.internal.loader.BuiltinClassLoader.findClass(BuiltinClassLoader.java:621)
	at java.base/java.lang.ClassLoader.loadClass(ClassLoader.java:638)
	at java.base/java.lang.Class.forName(Class.java:625)
	at java.base/java.lang.Class.forName(Class.java:600)
	at jdk.localedata/sun.util.resources.provider.LocaleDataProvider.loadResourceBundle(LocaleDataProvider.java:54)
	at jdk.localedata/sun.util.resources.provider.LocaleDataProvider.getBundle(LocaleDataProvider.java:40)
	at java.base/sun.util.resources.Bundles$2.run(Bundles.java:270)
	at java.base/sun.util.resources.Bundles$2.run(Bundles.java:265)
	at java.base/java.security.AccessController.doPrivileged(AccessController.java:319)
	at java.base/sun.util.resources.Bundles.loadBundleFromProviders(Bundles.java:264)
	at java.base/sun.util.resources.Bundles.findBundleOf(Bundles.java:201)
	at java.base/sun.util.resources.Bundles.findBundleOf(Bundles.java:160)
	at java.base/sun.util.resources.Bundles.loadBundleOf(Bundles.java:145)
	at java.base/sun.util.resources.Bundles.of(Bundles.java:106)
	at java.base/sun.util.resources.LocaleData$1.run(LocaleData.java:185)
	at java.base/sun.util.resources.LocaleData$1.run(LocaleData.java:182)
	at java.base/java.security.AccessController.doPrivileged(AccessController.java:319)
	at java.base/sun.util.resources.LocaleData.getBundle(LocaleData.java:182)
	at java.base/sun.util.resources.LocaleData.getDateFormatData(LocaleData.java:145)
	at java.base/java.text.DateFormatSymbols.initializeData(DateFormatSymbols.java:748)
	at java.base/java.text.DateFormatSymbols.<init>(DateFormatSymbols.java:151)
	at java.base/sun.util.locale.provider.DateFormatSymbolsProviderImpl.getInstance(DateFormatSymbolsProviderImpl.java:85)
	at java.base/java.text.DateFormatSymbols.getProviderInstance(DateFormatSymbols.java:371)
	at java.base/java.text.DateFormatSymbols.getInstanceRef(DateFormatSymbols.java:361)
	at java.base/java.text.SimpleDateFormat.<init>(SimpleDateFormat.java:626)
	at java.base/java.text.SimpleDateFormat.<init>(SimpleDateFormat.java:603)
	at org.apache.tools.ant.util.DateUtils.createDateFormat(DateUtils.java:169)
	at org.apache.tools.ant.util.DateUtils.format(DateUtils.java:140)
	at org.apache.tools.ant.taskdefs.optional.junit.XMLJUnitResultFormatter.startTestSuite(XMLJUnitResultFormatter.java:141)
	at org.apache.tools.ant.taskdefs.optional.junit.JUnitTestRunner.fireStartTestSuite(JUnitTestRunner.java:848)
	at org.apache.tools.ant.taskdefs.optional.junit.JUnitTestRunner.run(JUnitTestRunner.java:524)
	at org.apache.tools.ant.taskdefs.optional.junit.JUnitTestRunner.launch(JUnitTestRunner.java:1197)
	at org.apache.tools.ant.taskdefs.optional.junit.JUnitTestRunner.main(JUnitTestRunner.java:1042)
Caused by: java.io.IOException: Error while instrumenting sun/text/resources/cldr/ext/FormatData_en_001.
	at org.jacoco.agent.rt.internal_43f5073.core.instr.Instrumenter.instrumentError(Instrumenter.java:159)
	at org.jacoco.agent.rt.internal_43f5073.core.instr.Instrumenter.instrument(Instrumenter.java:109)
	at org.jacoco.agent.rt.internal_43f5073.CoverageTransformer.transform(CoverageTransformer.java:92)
	... 41 more
Caused by: java.lang.IllegalArgumentException: Unsupported class file major version 65
	at org.jacoco.agent.rt.internal_43f5073.asm.ClassReader.<init>(ClassReader.java:195)
	at org.jacoco.agent.rt.internal_43f5073.asm.ClassReader.<init>(ClassReader.java:176)
	at org.jacoco.agent.rt.internal_43f5073.asm.ClassReader.<init>(ClassReader.java:162)
	at org.jacoco.agent.rt.internal_43f5073.core.internal.instr.InstrSupport.classReaderFor(InstrSupport.java:280)
	at org.jacoco.agent.rt.internal_43f5073.core.instr.Instrumenter.instrument(Instrumenter.java:75)
	at org.jacoco.agent.rt.internal_43f5073.core.instr.Instrumenter.instrument(Instrumenter.java:107)
	... 42 more
java.lang.instrument.IllegalClassFormatException: Error while instrumenting sun/text/resources/cldr/ext/FormatData_en_IN.
	at org.jacoco.agent.rt.internal_43f5073.CoverageTransformer.transform(CoverageTransformer.java:94)
	at java.instrument/java.lang.instrument.ClassFileTransformer.transform(ClassFileTransformer.java:244)
	at java.instrument/sun.instrument.TransformerManager.transform(TransformerManager.java:188)
	at java.instrument/sun.instrument.InstrumentationImpl.transform(InstrumentationImpl.java:610)
	at java.base/java.lang.ClassLoader.defineClass2(Native Method)
	at java.base/java.lang.ClassLoader.defineClass(ClassLoader.java:1118)
	at java.base/java.security.SecureClassLoader.defineClass(SecureClassLoader.java:182)
	at java.base/jdk.internal.loader.BuiltinClassLoader.defineClass(BuiltinClassLoader.java:821)
	at java.base/jdk.internal.loader.BuiltinClassLoader.findClassInModuleOrNull(BuiltinClassLoader.java:741)
	at java.base/jdk.internal.loader.BuiltinClassLoader.findClass(BuiltinClassLoader.java:621)
	at java.base/java.lang.ClassLoader.loadClass(ClassLoader.java:638)
	at java.base/java.lang.Class.forName(Class.java:625)
	at java.base/java.lang.Class.forName(Class.java:600)
	at jdk.localedata/sun.util.resources.provider.LocaleDataProvider.loadResourceBundle(LocaleDataProvider.java:54)
	at jdk.localedata/sun.util.resources.provider.LocaleDataProvider.getBundle(LocaleDataProvider.java:40)
	at java.base/sun.util.resources.Bundles$2.run(Bundles.java:270)
	at java.base/sun.util.resources.Bundles$2.run(Bundles.java:265)
	at java.base/java.security.AccessController.doPrivileged(AccessController.java:319)
	at java.base/sun.util.resources.Bundles.loadBundleFromProviders(Bundles.java:264)
	at java.base/sun.util.resources.Bundles.findBundleOf(Bundles.java:201)
	at java.base/sun.util.resources.Bundles.loadBundleOf(Bundles.java:145)
	at java.base/sun.util.resources.Bundles.of(Bundles.java:106)
	at java.base/sun.util.resources.LocaleData$1.run(LocaleData.java:185)
	at java.base/sun.util.resources.LocaleData$1.run(LocaleData.java:182)
	at java.base/java.security.AccessController.doPrivileged(AccessController.java:319)
	at java.base/sun.util.resources.LocaleData.getBundle(LocaleData.java:182)
	at java.base/sun.util.resources.LocaleData.getDateFormatData(LocaleData.java:145)
	at java.base/java.text.DateFormatSymbols.initializeData(DateFormatSymbols.java:748)
	at java.base/java.text.DateFormatSymbols.<init>(DateFormatSymbols.java:151)
	at java.base/sun.util.locale.provider.DateFormatSymbolsProviderImpl.getInstance(DateFormatSymbolsProviderImpl.java:85)
	at java.base/java.text.DateFormatSymbols.getProviderInstance(DateFormatSymbols.java:371)
	at java.base/java.text.DateFormatSymbols.getInstanceRef(DateFormatSymbols.java:361)
	at java.base/java.text.SimpleDateFormat.<init>(SimpleDateFormat.java:626)
	at java.base/java.text.SimpleDateFormat.<init>(SimpleDateFormat.java:603)
	at org.apache.tools.ant.util.DateUtils.createDateFormat(DateUtils.java:169)
	at org.apache.tools.ant.util.DateUtils.format(DateUtils.java:140)
	at org.apache.tools.ant.taskdefs.optional.junit.XMLJUnitResultFormatter.startTestSuite(XMLJUnitResultFormatter.java:141)
	at org.apache.tools.ant.taskdefs.optional.junit.JUnitTestRunner.fireStartTestSuite(JUnitTestRunner.java:848)
	at org.apache.tools.ant.taskdefs.optional.junit.JUnitTestRunner.run(JUnitTestRunner.java:524)
	at org.apache.tools.ant.taskdefs.optional.junit.JUnitTestRunner.launch(JUnitTestRunner.java:1197)
	at org.apache.tools.ant.taskdefs.optional.junit.JUnitTestRunner.main(JUnitTestRunner.java:1042)
Caused by: java.io.IOException: Error while instrumenting sun/text/resources/cldr/ext/FormatData_en_IN.
	at org.jacoco.agent.rt.internal_43f5073.core.instr.Instrumenter.instrumentError(Instrumenter.java:159)
	at org.jacoco.agent.rt.internal_43f5073.core.instr.Instrumenter.instrument(Instrumenter.java:109)
	at org.jacoco.agent.rt.internal_43f5073.CoverageTransformer.transform(CoverageTransformer.java:92)
	... 40 more
Caused by: java.lang.IllegalArgumentException: Unsupported class file major version 65
	at org.jacoco.agent.rt.internal_43f5073.asm.ClassReader.<init>(ClassReader.java:195)
	at org.jacoco.agent.rt.internal_43f5073.asm.ClassReader.<init>(ClassReader.java:176)
	at org.jacoco.agent.rt.internal_43f5073.asm.ClassReader.<init>(ClassReader.java:162)
	at org.jacoco.agent.rt.internal_43f5073.core.internal.instr.InstrSupport.classReaderFor(InstrSupport.java:280)
	at org.jacoco.agent.rt.internal_43f5073.core.instr.Instrumenter.instrument(Instrumenter.java:75)
	at org.jacoco.agent.rt.internal_43f5073.core.instr.Instrumenter.instrument(Instrumenter.java:107)
	... 41 more
]]></system-err>
</testsuite>
